2023-02-26 15:25:50,713:INFO:PyCaret Supervised Module
2023-02-26 15:25:50,713:INFO:ML Usecase: clustering
2023-02-26 15:25:50,713:INFO:version 2.3.10
2023-02-26 15:25:50,713:INFO:Initializing setup()
2023-02-26 15:25:50,713:INFO:setup(target=None, ml_usecase=clustering, available_plots={'cluster': 'Cluster PCA Plot (2d)', 'tsne': 'Cluster TSnE (3d)', 'elbow': 'Elbow', 'silhouette': 'Silhouette', 'distance': 'Distance', 'distribution': 'Distribution'}, train_size=0.7, test_data=None, preprocess=True, imputation_type=simple, iterative_imputation_iters=5, categorical_features=None, categorical_imputation=mode, categorical_iterative_imputer=lightgbm, ordinal_features=None, high_cardinality_features=None, high_cardinality_method=frequency, numeric_features=None, numeric_imputation=mean, numeric_iterative_imputer=lightgbm, date_features=None, ignore_features=['MouseID'], normalize=True, normalize_method=zscore, transformation=False, transformation_method=yeo-johnson, handle_unknown_categorical=True, unknown_categorical_method=least_frequent, pca=False, pca_method=linear, pca_components=None, ignore_low_variance=False, combine_rare_levels=False, rare_level_threshold=0.1, bin_numeric_features=None, remove_outliers=False, outliers_threshold=0.05, remove_multicollinearity=False, multicollinearity_threshold=0.9, remove_perfect_collinearity=False, create_clusters=False, cluster_iter=20, polynomial_features=False, polynomial_degree=2, trigonometry_features=False, polynomial_threshold=0.1, group_features=None, group_names=None, feature_selection=False, feature_selection_threshold=0.8, feature_selection_method=classic, feature_interaction=False, feature_ratio=False, interaction_threshold=0.01, fix_imbalance=False, fix_imbalance_method=None, transform_target=False, transform_target_method=box-cox, data_split_shuffle=False, data_split_stratify=False, fold_strategy=kfold, fold=10, fold_shuffle=False, fold_groups=None, n_jobs=-1, use_gpu=False, custom_pipeline=None, html=True, session_id=None, log_experiment=False, experiment_name=None, experiment_custom_tags=None, log_plots=False, log_profile=False, log_data=False, silent=False, verbose=True, profile=False, profile_kwargs=None, display=None)
2023-02-26 15:25:50,713:INFO:Checking environment
2023-02-26 15:25:50,713:INFO:python_version: 3.9.16
2023-02-26 15:25:50,713:INFO:python_build: ('main', 'Jan 11 2023 16:05:54')
2023-02-26 15:25:50,713:INFO:machine: x86_64
2023-02-26 15:25:50,713:INFO:platform: Linux-5.4.0-58-generic-x86_64-with-glibc2.31
2023-02-26 15:25:50,714:INFO:Memory: svmem(total=8129552384, available=1031458816, percent=87.3, used=6320697344, free=147480576, active=3188224000, inactive=799621120, buffers=123265024, cached=1538109440, shared=518709248, slab=1310113792)
2023-02-26 15:25:50,714:INFO:Physical Core: 2
2023-02-26 15:25:50,714:INFO:Logical Core: 4
2023-02-26 15:25:50,714:INFO:Checking libraries
2023-02-26 15:25:50,714:INFO:pd==1.5.3
2023-02-26 15:25:50,714:INFO:numpy==1.20.3
2023-02-26 15:25:50,714:INFO:sklearn==0.23.2
2023-02-26 15:25:50,714:INFO:lightgbm==3.3.5
2023-02-26 15:25:50,714:WARNING:catboost not found
2023-02-26 15:25:50,715:WARNING:xgboost not found
2023-02-26 15:25:50,715:INFO:mlflow==2.1.1
2023-02-26 15:25:50,715:INFO:Checking Exceptions
2023-02-26 15:25:50,715:INFO:Declaring global variables
2023-02-26 15:25:50,715:INFO:USI: 286d
2023-02-26 15:25:50,715:INFO:pycaret_globals: {'log_plots_param', 'seed', 'stratify_param', 'fold_param', 'fold_shuffle_param', 'X', 'transform_target_param', 'data_before_preprocess', 'fix_imbalance_method_param', 'create_model_container', 'fix_imbalance_param', 'exp_name_log', 'USI', 'master_model_container', 'html_param', 'fold_groups_param', 'fold_groups_param_full', 'prep_pipe', 'imputation_classifier', '_all_models', 'gpu_param', 'fold_generator', 'dashboard_logger', '_internal_pipeline', '_available_plots', 'iterative_imputation_iters_param', 'target_param', 'display_container', '_ml_usecase', '_all_models_internal', 'pycaret_globals', 'experiment__', 'n_jobs_param', '_all_metrics', '_gpu_n_jobs_param', 'logging_param', 'imputation_regressor', 'transform_target_method_param'}
2023-02-26 15:25:50,715:INFO:Preparing display monitor
2023-02-26 15:25:50,715:INFO:Preparing display monitor
2023-02-26 15:25:50,726:INFO:Importing libraries
2023-02-26 15:25:50,726:INFO:Copying data for preprocessing
2023-02-26 15:25:50,734:INFO:Declaring preprocessing parameters
2023-02-26 15:25:50,743:INFO:Creating preprocessing pipeline
2023-02-26 15:25:50,772:INFO:Preprocessing pipeline created successfully
2023-02-26 15:25:50,772:ERROR:(Process Exit): setup has been interupted with user command 'quit'. setup must rerun.
2023-02-26 15:25:50,772:INFO:Creating global containers
2023-02-26 15:25:50,774:INFO:Internal pipeline: Pipeline(memory=None, steps=[('empty_step', 'passthrough')], verbose=False)
2023-02-26 15:25:52,940:INFO:Creating grid variables
2023-02-26 15:25:52,955:INFO:create_model_container: 0
2023-02-26 15:25:52,955:INFO:master_model_container: 0
2023-02-26 15:25:52,955:INFO:display_container: 1
2023-02-26 15:25:52,964:INFO:Pipeline(memory=None,
         steps=[('dtypes',
                 DataTypes_Auto_infer(categorical_features=[],
                                      display_types=True,
                                      features_todrop=['MouseID'],
                                      id_columns=[], ml_usecase='regression',
                                      numerical_features=[],
                                      target='UNSUPERVISED_DUMMY_TARGET',
                                      time_features=[])),
                ('imputer',
                 Simple_Imputer(categorical_strategy='most frequent',
                                fill_value_categorical=None,
                                fill_value_numer...
                ('P_transform', 'passthrough'), ('binn', 'passthrough'),
                ('rem_outliers', 'passthrough'), ('cluster_all', 'passthrough'),
                ('dummy', Dummify(target='UNSUPERVISED_DUMMY_TARGET')),
                ('fix_perfect', 'passthrough'),
                ('clean_names', Clean_Colum_Names()),
                ('feature_select', 'passthrough'), ('fix_multi', 'passthrough'),
                ('dfs', 'passthrough'), ('pca', 'passthrough')],
         verbose=False)
2023-02-26 15:25:52,964:INFO:setup() succesfully completed......................................
2023-02-26 15:33:12,810:INFO:Initializing create_model()
2023-02-26 15:33:12,818:INFO:create_model(estimator=kmeans, num_clusters=4, fraction=0.05, ground_truth=None, round=4, fit_kwargs=None, verbose=True, system=True, add_to_model_list=True, raise_num_clusters=False, experiment_custom_tags=None, display=None, kwargs={})
2023-02-26 15:33:12,819:INFO:Checking exceptions
2023-02-26 15:33:12,822:INFO:Preparing display monitor
2023-02-26 15:33:12,895:INFO:Importing libraries
2023-02-26 15:33:12,908:INFO:Importing untrained model
2023-02-26 15:33:12,921:INFO:K-Means Clustering Imported succesfully
2023-02-26 15:33:12,935:INFO:Fitting Model
2023-02-26 15:33:13,278:INFO:KMeans(algorithm='auto', copy_x=True, init='k-means++', max_iter=300,
       n_clusters=4, n_init=10, n_jobs=-1, precompute_distances='deprecated',
       random_state=2192, tol=0.0001, verbose=0)
2023-02-26 15:33:13,278:INFO:create_models() succesfully completed......................................
2023-02-26 15:33:13,279:INFO:Uploading results into container
2023-02-26 15:33:13,285:INFO:Uploading model into container now
2023-02-26 15:33:13,295:INFO:create_model_container: 1
2023-02-26 15:33:13,296:INFO:master_model_container: 1
2023-02-26 15:33:13,296:INFO:display_container: 2
2023-02-26 15:33:13,296:INFO:KMeans(algorithm='auto', copy_x=True, init='k-means++', max_iter=300,
       n_clusters=4, n_init=10, n_jobs=-1, precompute_distances='deprecated',
       random_state=2192, tol=0.0001, verbose=0)
2023-02-26 15:33:13,296:INFO:create_model() succesfully completed......................................
2023-02-26 15:50:08,147:INFO:Initializing create_model()
2023-02-26 15:50:08,147:INFO:create_model(estimator=kmeans, num_clusters=4, fraction=0.05, ground_truth=None, round=4, fit_kwargs=None, verbose=True, system=True, add_to_model_list=True, raise_num_clusters=False, experiment_custom_tags=None, display=None, kwargs={})
2023-02-26 15:50:08,147:INFO:Checking exceptions
2023-02-26 15:50:08,147:INFO:Preparing display monitor
2023-02-26 15:50:08,168:INFO:Importing libraries
2023-02-26 15:50:08,175:INFO:Importing untrained model
2023-02-26 15:50:08,187:INFO:K-Means Clustering Imported succesfully
2023-02-26 15:50:08,197:INFO:Fitting Model
2023-02-26 15:50:08,516:INFO:KMeans(algorithm='auto', copy_x=True, init='k-means++', max_iter=300,
       n_clusters=4, n_init=10, n_jobs=-1, precompute_distances='deprecated',
       random_state=2192, tol=0.0001, verbose=0)
2023-02-26 15:50:08,516:INFO:create_models() succesfully completed......................................
2023-02-26 15:50:08,517:INFO:Uploading results into container
2023-02-26 15:50:08,521:INFO:Uploading model into container now
2023-02-26 15:50:08,532:INFO:create_model_container: 2
2023-02-26 15:50:08,533:INFO:master_model_container: 2
2023-02-26 15:50:08,533:INFO:display_container: 3
2023-02-26 15:50:08,533:INFO:KMeans(algorithm='auto', copy_x=True, init='k-means++', max_iter=300,
       n_clusters=4, n_init=10, n_jobs=-1, precompute_distances='deprecated',
       random_state=2192, tol=0.0001, verbose=0)
2023-02-26 15:50:08,533:INFO:create_model() succesfully completed......................................
2023-02-26 15:50:30,208:INFO:Initializing create_model()
2023-02-26 15:50:30,210:INFO:create_model(estimator=kmodes, num_clusters=4, fraction=0.05, ground_truth=None, round=4, fit_kwargs=None, verbose=True, system=True, add_to_model_list=True, raise_num_clusters=False, experiment_custom_tags=None, display=None, kwargs={})
2023-02-26 15:50:30,211:INFO:Checking exceptions
2023-02-26 15:50:30,211:INFO:Preparing display monitor
2023-02-26 15:50:30,271:INFO:Importing libraries
2023-02-26 15:50:30,286:INFO:Importing untrained model
2023-02-26 15:50:30,306:INFO:K-Modes Clustering Imported succesfully
2023-02-26 15:50:30,319:INFO:Fitting Model
2023-02-26 15:50:33,267:INFO:KModes(cat_dissim=<function matching_dissim at 0x7f5802138700>, init='Cao',
       max_iter=100, n_clusters=4, n_init=1, n_jobs=-1, random_state=2192,
       verbose=0)
2023-02-26 15:50:33,267:INFO:create_models() succesfully completed......................................
2023-02-26 15:50:33,268:INFO:Uploading results into container
2023-02-26 15:50:33,272:INFO:Uploading model into container now
2023-02-26 15:50:33,283:INFO:create_model_container: 3
2023-02-26 15:50:33,283:INFO:master_model_container: 3
2023-02-26 15:50:33,283:INFO:display_container: 4
2023-02-26 15:50:33,284:INFO:KModes(cat_dissim=<function matching_dissim at 0x7f5802138700>, init='Cao',
       max_iter=100, n_clusters=4, n_init=1, n_jobs=-1, random_state=2192,
       verbose=0)
2023-02-26 15:50:33,284:INFO:create_model() succesfully completed......................................
2023-02-26 15:51:03,416:INFO:gpu_param set to False
2023-02-26 16:00:49,001:INFO:Initializing assign_model()
2023-02-26 16:00:49,002:INFO:assign_model(model=KMeans(algorithm='auto', copy_x=True, init='k-means++', max_iter=300,
       n_clusters=4, n_init=10, n_jobs=-1, precompute_distances='deprecated',
       random_state=2192, tol=0.0001, verbose=0), transformation=False, score=True, verbose=True)
2023-02-26 16:00:49,003:INFO:Checking exceptions
2023-02-26 16:00:49,003:INFO:Determining Trained Model
2023-02-26 16:00:49,004:INFO:Trained Model : K-Means Clustering
2023-02-26 16:00:49,004:INFO:Copying data
2023-02-26 16:00:49,009:INFO:(1026, 83)
2023-02-26 16:00:49,009:INFO:assign_model() succesfully completed......................................
2023-02-26 16:01:23,383:INFO:Initializing plot_model()
2023-02-26 16:01:23,383:INFO:plot_model(fold=None, use_train_data=False, verbose=True, is_in_evaluate=False, display=None, display_format=None, estimator=KMeans(algorithm='auto', copy_x=True, init='k-means++', max_iter=300,
       n_clusters=4, n_init=10, n_jobs=-1, precompute_distances='deprecated',
       random_state=2192, tol=0.0001, verbose=0), feature_name=None, fit_kwargs=None, groups=None, label=False, plot=cluster, plot_kwargs=None, save=False, scale=1, system=True)
2023-02-26 16:01:23,384:INFO:Checking exceptions
2023-02-26 16:01:23,384:INFO:Preparing display monitor
2023-02-26 16:01:23,412:INFO:Preloading libraries
2023-02-26 16:01:23,416:INFO:Copying training dataset
2023-02-26 16:01:23,417:INFO:Plot type: cluster
2023-02-26 16:01:23,422:INFO:SubProcess assign_model() called ==================================
2023-02-26 16:01:23,434:INFO:Initializing assign_model()
2023-02-26 16:01:23,435:INFO:assign_model(model=Pipeline(memory=None,
         steps=[('empty_step', 'passthrough'),
                ('actual_estimator',
                 KMeans(algorithm='auto', copy_x=True, init='k-means++',
                        max_iter=300, n_clusters=4, n_init=10, n_jobs=-1,
                        precompute_distances='deprecated', random_state=2192,
                        tol=0.0001, verbose=0))],
         verbose=False), transformation=True, score=True, verbose=False)
2023-02-26 16:01:23,435:INFO:Checking exceptions
2023-02-26 16:01:23,436:INFO:Determining Trained Model
2023-02-26 16:01:23,436:INFO:Trained Model : K-Means Clustering
2023-02-26 16:01:23,437:INFO:Copying data
2023-02-26 16:01:23,438:INFO:Transformation param set to True. Assigned clusters are attached on transformed dataset.
2023-02-26 16:01:23,443:INFO:(1026, 92)
2023-02-26 16:01:23,444:INFO:assign_model() succesfully completed......................................
2023-02-26 16:01:23,446:INFO:SubProcess assign_model() end ==================================
2023-02-26 16:01:23,451:INFO:Fitting PCA()
2023-02-26 16:01:23,538:INFO:Sorting dataframe
2023-02-26 16:01:23,572:INFO:Rendering Visual
2023-02-26 16:01:24,389:INFO:Visual Rendered Successfully
2023-02-26 16:01:24,470:INFO:plot_model() succesfully completed......................................
2023-02-26 16:02:22,160:INFO:Initializing plot_model()
2023-02-26 16:02:22,165:INFO:plot_model(fold=None, use_train_data=False, verbose=True, is_in_evaluate=False, display=None, display_format=None, estimator=KMeans(algorithm='auto', copy_x=True, init='k-means++', max_iter=300,
       n_clusters=4, n_init=10, n_jobs=-1, precompute_distances='deprecated',
       random_state=2192, tol=0.0001, verbose=0), feature_name=None, fit_kwargs=None, groups=None, label=False, plot=cluster, plot_kwargs=None, save=False, scale=1, system=True)
2023-02-26 16:02:22,166:INFO:Checking exceptions
2023-02-26 16:02:22,166:INFO:Preparing display monitor
2023-02-26 16:02:22,194:INFO:Preloading libraries
2023-02-26 16:02:22,196:INFO:Copying training dataset
2023-02-26 16:02:22,198:INFO:Plot type: cluster
2023-02-26 16:02:22,200:INFO:SubProcess assign_model() called ==================================
2023-02-26 16:02:22,205:INFO:Initializing assign_model()
2023-02-26 16:02:22,205:INFO:assign_model(model=Pipeline(memory=None,
         steps=[('empty_step', 'passthrough'),
                ('actual_estimator',
                 KMeans(algorithm='auto', copy_x=True, init='k-means++',
                        max_iter=300, n_clusters=4, n_init=10, n_jobs=-1,
                        precompute_distances='deprecated', random_state=2192,
                        tol=0.0001, verbose=0))],
         verbose=False), transformation=True, score=True, verbose=False)
2023-02-26 16:02:22,205:INFO:Checking exceptions
2023-02-26 16:02:22,205:INFO:Determining Trained Model
2023-02-26 16:02:22,205:INFO:Trained Model : K-Means Clustering
2023-02-26 16:02:22,206:INFO:Copying data
2023-02-26 16:02:22,206:INFO:Transformation param set to True. Assigned clusters are attached on transformed dataset.
2023-02-26 16:02:22,208:INFO:(1026, 92)
2023-02-26 16:02:22,208:INFO:assign_model() succesfully completed......................................
2023-02-26 16:02:22,209:INFO:SubProcess assign_model() end ==================================
2023-02-26 16:02:22,214:INFO:Fitting PCA()
2023-02-26 16:02:22,246:INFO:Sorting dataframe
2023-02-26 16:02:22,266:INFO:Rendering Visual
2023-02-26 16:02:22,360:INFO:Visual Rendered Successfully
2023-02-26 16:02:22,453:INFO:plot_model() succesfully completed......................................
2023-02-26 16:03:02,984:INFO:Initializing plot_model()
2023-02-26 16:03:02,984:INFO:plot_model(fold=None, use_train_data=False, verbose=True, is_in_evaluate=False, display=None, display_format=None, estimator=KMeans(algorithm='auto', copy_x=True, init='k-means++', max_iter=300,
       n_clusters=4, n_init=10, n_jobs=-1, precompute_distances='deprecated',
       random_state=2192, tol=0.0001, verbose=0), feature_name=None, fit_kwargs=None, groups=None, label=False, plot=elbow, plot_kwargs=None, save=False, scale=1, system=True)
2023-02-26 16:03:02,985:INFO:Checking exceptions
2023-02-26 16:03:02,985:INFO:Preparing display monitor
2023-02-26 16:03:03,013:INFO:Preloading libraries
2023-02-26 16:03:03,019:INFO:Copying training dataset
2023-02-26 16:03:03,021:INFO:Plot type: elbow
2023-02-26 16:03:03,300:INFO:Fitting Model
2023-02-26 16:03:06,486:INFO:Visual Rendered Successfully
2023-02-26 16:03:06,573:INFO:plot_model() succesfully completed......................................
2023-02-26 16:03:39,154:INFO:Initializing plot_model()
2023-02-26 16:03:39,155:INFO:plot_model(fold=None, use_train_data=False, verbose=True, is_in_evaluate=False, display=None, display_format=None, estimator=KMeans(algorithm='auto', copy_x=True, init='k-means++', max_iter=300,
       n_clusters=4, n_init=10, n_jobs=-1, precompute_distances='deprecated',
       random_state=2192, tol=0.0001, verbose=0), feature_name=None, fit_kwargs=None, groups=None, label=False, plot=silhouette, plot_kwargs=None, save=False, scale=1, system=True)
2023-02-26 16:03:39,155:INFO:Checking exceptions
2023-02-26 16:03:39,156:INFO:Preparing display monitor
2023-02-26 16:03:39,181:INFO:Preloading libraries
2023-02-26 16:03:39,186:INFO:Copying training dataset
2023-02-26 16:03:39,187:INFO:Plot type: silhouette
2023-02-26 16:03:39,196:INFO:Fitting Model
2023-02-26 16:03:39,572:INFO:Visual Rendered Successfully
2023-02-26 16:03:39,658:INFO:plot_model() succesfully completed......................................
2023-02-26 16:06:20,530:INFO:Initializing plot_model()
2023-02-26 16:06:20,533:INFO:plot_model(fold=None, use_train_data=False, verbose=True, is_in_evaluate=False, display=None, display_format=None, estimator=KMeans(algorithm='auto', copy_x=True, init='k-means++', max_iter=300,
       n_clusters=4, n_init=10, n_jobs=-1, precompute_distances='deprecated',
       random_state=2192, tol=0.0001, verbose=0), feature_name=None, fit_kwargs=None, groups=None, label=False, plot=distribution, plot_kwargs=None, save=False, scale=1, system=True)
2023-02-26 16:06:20,534:INFO:Checking exceptions
2023-02-26 16:06:20,534:INFO:Preparing display monitor
2023-02-26 16:06:20,547:INFO:Preloading libraries
2023-02-26 16:06:20,551:INFO:Copying training dataset
2023-02-26 16:06:20,552:INFO:Plot type: distribution
2023-02-26 16:06:20,555:INFO:SubProcess assign_model() called ==================================
2023-02-26 16:06:20,559:INFO:Initializing assign_model()
2023-02-26 16:06:20,559:INFO:assign_model(model=Pipeline(memory=None,
         steps=[('empty_step', 'passthrough'),
                ('actual_estimator',
                 KMeans(algorithm='auto', copy_x=True, init='k-means++',
                        max_iter=300, n_clusters=4, n_init=10, n_jobs=-1,
                        precompute_distances='deprecated', random_state=2192,
                        tol=0.0001, verbose=0))],
         verbose=False), transformation=False, score=True, verbose=False)
2023-02-26 16:06:20,560:INFO:Checking exceptions
2023-02-26 16:06:20,560:INFO:Determining Trained Model
2023-02-26 16:06:20,560:INFO:Trained Model : K-Means Clustering
2023-02-26 16:06:20,560:INFO:Copying data
2023-02-26 16:06:20,562:INFO:(1026, 83)
2023-02-26 16:06:20,563:INFO:assign_model() succesfully completed......................................
2023-02-26 16:06:20,564:INFO:SubProcess assign_model() end ==================================
2023-02-26 16:06:20,564:INFO:Sorting dataframe
2023-02-26 16:06:20,570:INFO:Rendering Visual
2023-02-26 16:06:21,067:INFO:Visual Rendered Successfully
2023-02-26 16:06:21,154:INFO:plot_model() succesfully completed......................................
2023-02-26 16:07:15,674:INFO:Initializing plot_model()
2023-02-26 16:07:15,674:INFO:plot_model(fold=None, use_train_data=False, verbose=True, is_in_evaluate=False, display=None, display_format=None, estimator=KMeans(algorithm='auto', copy_x=True, init='k-means++', max_iter=300,
       n_clusters=4, n_init=10, n_jobs=-1, precompute_distances='deprecated',
       random_state=2192, tol=0.0001, verbose=0), feature_name=class, fit_kwargs=None, groups=None, label=False, plot=distribution, plot_kwargs=None, save=False, scale=1, system=True)
2023-02-26 16:07:15,675:INFO:Checking exceptions
2023-02-26 16:07:15,676:INFO:Preparing display monitor
2023-02-26 16:07:15,707:INFO:Preloading libraries
2023-02-26 16:07:15,711:INFO:Copying training dataset
2023-02-26 16:07:15,713:INFO:Plot type: distribution
2023-02-26 16:07:15,715:INFO:SubProcess assign_model() called ==================================
2023-02-26 16:07:15,724:INFO:Initializing assign_model()
2023-02-26 16:07:15,724:INFO:assign_model(model=Pipeline(memory=None,
         steps=[('empty_step', 'passthrough'),
                ('actual_estimator',
                 KMeans(algorithm='auto', copy_x=True, init='k-means++',
                        max_iter=300, n_clusters=4, n_init=10, n_jobs=-1,
                        precompute_distances='deprecated', random_state=2192,
                        tol=0.0001, verbose=0))],
         verbose=False), transformation=False, score=True, verbose=False)
2023-02-26 16:07:15,724:INFO:Checking exceptions
2023-02-26 16:07:15,724:INFO:Determining Trained Model
2023-02-26 16:07:15,725:INFO:Trained Model : K-Means Clustering
2023-02-26 16:07:15,725:INFO:Copying data
2023-02-26 16:07:15,728:INFO:(1026, 83)
2023-02-26 16:07:15,728:INFO:assign_model() succesfully completed......................................
2023-02-26 16:07:15,729:INFO:SubProcess assign_model() end ==================================
2023-02-26 16:07:15,729:INFO:Sorting dataframe
2023-02-26 16:07:15,737:INFO:Rendering Visual
2023-02-26 16:07:16,213:INFO:Visual Rendered Successfully
2023-02-26 16:07:16,294:INFO:plot_model() succesfully completed......................................
2023-02-26 16:08:59,956:INFO:Initializing plot_model()
2023-02-26 16:08:59,956:INFO:plot_model(fold=None, use_train_data=False, verbose=True, is_in_evaluate=False, display=None, display_format=None, estimator=KMeans(algorithm='auto', copy_x=True, init='k-means++', max_iter=300,
       n_clusters=4, n_init=10, n_jobs=-1, precompute_distances='deprecated',
       random_state=2192, tol=0.0001, verbose=0), feature_name=CaNA_N, fit_kwargs=None, groups=None, label=False, plot=distribution, plot_kwargs=None, save=False, scale=1, system=True)
2023-02-26 16:08:59,956:INFO:Checking exceptions
2023-02-26 16:08:59,957:INFO:Preparing display monitor
2023-02-26 16:08:59,968:INFO:Preloading libraries
2023-02-26 16:08:59,970:INFO:Copying training dataset
2023-02-26 16:08:59,971:INFO:Plot type: distribution
2023-02-26 16:08:59,973:INFO:SubProcess assign_model() called ==================================
2023-02-26 16:08:59,976:INFO:Initializing assign_model()
2023-02-26 16:08:59,976:INFO:assign_model(model=Pipeline(memory=None,
         steps=[('empty_step', 'passthrough'),
                ('actual_estimator',
                 KMeans(algorithm='auto', copy_x=True, init='k-means++',
                        max_iter=300, n_clusters=4, n_init=10, n_jobs=-1,
                        precompute_distances='deprecated', random_state=2192,
                        tol=0.0001, verbose=0))],
         verbose=False), transformation=False, score=True, verbose=False)
2023-02-26 16:08:59,976:INFO:Checking exceptions
2023-02-26 16:08:59,976:INFO:Determining Trained Model
2023-02-26 16:08:59,976:INFO:Trained Model : K-Means Clustering
2023-02-26 16:08:59,976:INFO:Copying data
2023-02-26 16:08:59,978:INFO:(1026, 83)
2023-02-26 16:08:59,978:INFO:assign_model() succesfully completed......................................
2023-02-26 16:08:59,979:INFO:SubProcess assign_model() end ==================================
2023-02-26 16:08:59,979:INFO:Sorting dataframe
2023-02-26 16:08:59,988:INFO:Rendering Visual
2023-02-26 16:09:00,470:INFO:Visual Rendered Successfully
2023-02-26 16:09:00,560:INFO:plot_model() succesfully completed......................................
2023-02-26 16:09:52,483:INFO:Initializing predict_model()
2023-02-26 16:09:52,491:INFO:predict_model(estimator=KMeans(algorithm='auto', copy_x=True, init='k-means++', max_iter=300,
       n_clusters=4, n_init=10, n_jobs=-1, precompute_distances='deprecated',
       random_state=2192, tol=0.0001, verbose=0), ml_usecase=MLUsecase.CLUSTERING)
2023-02-26 16:10:12,071:INFO:Initializing save_model()
2023-02-26 16:10:12,071:INFO:save_model(model=KMeans(algorithm='auto', copy_x=True, init='k-means++', max_iter=300,
       n_clusters=4, n_init=10, n_jobs=-1, precompute_distances='deprecated',
       random_state=2192, tol=0.0001, verbose=0), model_name=Final KMeans Model 25Nov2020, prep_pipe_=Pipeline(memory=None,
         steps=[('dtypes',
                 DataTypes_Auto_infer(categorical_features=[],
                                      display_types=True,
                                      features_todrop=['MouseID'],
                                      id_columns=[], ml_usecase='regression',
                                      numerical_features=[],
                                      target='UNSUPERVISED_DUMMY_TARGET',
                                      time_features=[])),
                ('imputer',
                 Simple_Imputer(categorical_strategy='most frequent',
                                fill_value_categorical=None,
                                fill_value_numer...
                ('P_transform', 'passthrough'), ('binn', 'passthrough'),
                ('rem_outliers', 'passthrough'), ('cluster_all', 'passthrough'),
                ('dummy', Dummify(target='UNSUPERVISED_DUMMY_TARGET')),
                ('fix_perfect', 'passthrough'),
                ('clean_names', Clean_Colum_Names()),
                ('feature_select', 'passthrough'), ('fix_multi', 'passthrough'),
                ('dfs', 'passthrough'), ('pca', 'passthrough')],
         verbose=False), verbose=True, kwargs={})
2023-02-26 16:10:12,072:INFO:Adding model into prep_pipe
2023-02-26 16:10:12,091:INFO:Final KMeans Model 25Nov2020.pkl saved in current working directory
2023-02-26 16:10:12,102:INFO:Pipeline(memory=None,
         steps=[('dtypes',
                 DataTypes_Auto_infer(categorical_features=[],
                                      display_types=True,
                                      features_todrop=['MouseID'],
                                      id_columns=[], ml_usecase='regression',
                                      numerical_features=[],
                                      target='UNSUPERVISED_DUMMY_TARGET',
                                      time_features=[])),
                ('imputer',
                 Simple_Imputer(categorical_strategy='most frequent',
                                fill_value_categorical=None,
                                fill_value_numer...
                ('fix_perfect', 'passthrough'),
                ('clean_names', Clean_Colum_Names()),
                ('feature_select', 'passthrough'), ('fix_multi', 'passthrough'),
                ('dfs', 'passthrough'), ('pca', 'passthrough'),
                ['trained_model',
                 KMeans(algorithm='auto', copy_x=True, init='k-means++',
                        max_iter=300, n_clusters=4, n_init=10, n_jobs=-1,
                        precompute_distances='deprecated', random_state=2192,
                        tol=0.0001, verbose=0)]],
         verbose=False)
2023-02-26 16:10:12,102:INFO:save_model() successfully completed......................................
2023-02-26 16:11:21,701:INFO:Initializing load_model()
2023-02-26 16:11:21,708:INFO:load_model(model_name=Final KMeans Model 25Nov2020, platform=None, authentication=None, verbose=True)
2023-02-26 16:11:35,974:INFO:Initializing predict_model()
2023-02-26 16:11:35,975:INFO:predict_model(estimator=Pipeline(memory=None,
         steps=[('dtypes',
                 DataTypes_Auto_infer(categorical_features=[],
                                      display_types=True,
                                      features_todrop=['MouseID'],
                                      id_columns=[], ml_usecase='regression',
                                      numerical_features=[],
                                      target='UNSUPERVISED_DUMMY_TARGET',
                                      time_features=[])),
                ('imputer',
                 Simple_Imputer(categorical_strategy='most frequent',
                                fill_value_categorical=None,
                                fill_value_numer...
                ('fix_perfect', 'passthrough'),
                ('clean_names', Clean_Colum_Names()),
                ('feature_select', 'passthrough'), ('fix_multi', 'passthrough'),
                ('dfs', 'passthrough'), ('pca', 'passthrough'),
                ['trained_model',
                 KMeans(algorithm='auto', copy_x=True, init='k-means++',
                        max_iter=300, n_clusters=4, n_init=10, n_jobs=-1,
                        precompute_distances='deprecated', random_state=2192,
                        tol=0.0001, verbose=0)]],
         verbose=False), ml_usecase=MLUsecase.CLUSTERING)
2023-02-26 16:16:47,833:INFO:PyCaret Supervised Module
2023-02-26 16:16:47,833:INFO:ML Usecase: classification
2023-02-26 16:16:47,833:INFO:version 2.3.10
2023-02-26 16:16:47,833:INFO:Initializing setup()
2023-02-26 16:16:47,833:INFO:setup(target=species, ml_usecase=classification, available_plots={'parameter': 'Hyperparameters', 'auc': 'AUC', 'confusion_matrix': 'Confusion Matrix', 'threshold': 'Threshold', 'pr': 'Precision Recall', 'error': 'Prediction Error', 'class_report': 'Class Report', 'rfe': 'Feature Selection', 'learning': 'Learning Curve', 'manifold': 'Manifold Learning', 'calibration': 'Calibration Curve', 'vc': 'Validation Curve', 'dimension': 'Dimensions', 'feature': 'Feature Importance', 'feature_all': 'Feature Importance (All)', 'boundary': 'Decision Boundary', 'lift': 'Lift Chart', 'gain': 'Gain Chart', 'tree': 'Decision Tree', 'ks': 'KS Statistic Plot'}, train_size=0.7, test_data=None, preprocess=True, imputation_type=simple, iterative_imputation_iters=5, categorical_features=None, categorical_imputation=constant, categorical_iterative_imputer=lightgbm, ordinal_features=None, high_cardinality_features=None, high_cardinality_method=frequency, numeric_features=None, numeric_imputation=mean, numeric_iterative_imputer=lightgbm, date_features=None, ignore_features=None, normalize=False, normalize_method=zscore, transformation=False, transformation_method=yeo-johnson, handle_unknown_categorical=True, unknown_categorical_method=least_frequent, pca=False, pca_method=linear, pca_components=None, ignore_low_variance=False, combine_rare_levels=False, rare_level_threshold=0.1, bin_numeric_features=None, remove_outliers=False, outliers_threshold=0.05, remove_multicollinearity=False, multicollinearity_threshold=0.9, remove_perfect_collinearity=True, create_clusters=False, cluster_iter=20, polynomial_features=False, polynomial_degree=2, trigonometry_features=False, polynomial_threshold=0.1, group_features=None, group_names=None, feature_selection=False, feature_selection_threshold=0.8, feature_selection_method=classic, feature_interaction=False, feature_ratio=False, interaction_threshold=0.01, fix_imbalance=False, fix_imbalance_method=None, transform_target=False, transform_target_method=box-cox, data_split_shuffle=True, data_split_stratify=False, fold_strategy=stratifiedkfold, fold=10, fold_shuffle=False, fold_groups=None, n_jobs=-1, use_gpu=False, custom_pipeline=None, html=True, session_id=123, log_experiment=False, experiment_name=None, experiment_custom_tags=None, log_plots=False, log_profile=False, log_data=False, silent=False, verbose=True, profile=False, profile_kwargs=None, display=None)
2023-02-26 16:16:47,833:INFO:Checking environment
2023-02-26 16:16:47,833:INFO:python_version: 3.9.16
2023-02-26 16:16:47,833:INFO:python_build: ('main', 'Jan 11 2023 16:05:54')
2023-02-26 16:16:47,833:INFO:machine: x86_64
2023-02-26 16:16:47,833:INFO:platform: Linux-5.4.0-58-generic-x86_64-with-glibc2.31
2023-02-26 16:16:47,833:INFO:Memory: svmem(total=8129552384, available=1111588864, percent=86.3, used=5889970176, free=408326144, active=3769614336, inactive=1222021120, buffers=107704320, cached=1723551744, shared=871907328, slab=1173499904)
2023-02-26 16:16:47,834:INFO:Physical Core: 2
2023-02-26 16:16:47,834:INFO:Logical Core: 4
2023-02-26 16:16:47,834:INFO:Checking libraries
2023-02-26 16:16:47,834:INFO:pd==1.5.3
2023-02-26 16:16:47,834:INFO:numpy==1.20.3
2023-02-26 16:16:47,834:INFO:sklearn==0.23.2
2023-02-26 16:16:47,834:INFO:lightgbm==3.3.5
2023-02-26 16:16:47,834:WARNING:catboost not found
2023-02-26 16:16:47,834:WARNING:xgboost not found
2023-02-26 16:16:47,834:INFO:mlflow==2.1.1
2023-02-26 16:16:47,835:INFO:Checking Exceptions
2023-02-26 16:16:47,835:INFO:Declaring global variables
2023-02-26 16:16:47,835:INFO:USI: 0cfe
2023-02-26 16:16:47,835:INFO:pycaret_globals: {'data_before_preprocess', 'seed', 'n_jobs_param', 'X_test', 'html_param', 'fix_imbalance_param', 'display_container', '_gpu_n_jobs_param', 'fold_groups_param_full', 'X', 'dashboard_logger', 'fold_shuffle_param', 'iterative_imputation_iters_param', 'create_model_container', 'exp_name_log', 'log_plots_param', '_all_models_internal', 'logging_param', 'target_param', 'experiment__', '_all_metrics', 'stratify_param', 'y_train', 'prep_pipe', 'fold_groups_param', 'fold_generator', 'X_train', 'fold_param', 'imputation_regressor', 'USI', 'pycaret_globals', 'fix_imbalance_method_param', '_all_models', 'transform_target_param', 'gpu_param', 'master_model_container', 'y', 'transform_target_method_param', 'imputation_classifier', '_internal_pipeline', 'y_test', '_ml_usecase', '_available_plots'}
2023-02-26 16:16:47,835:INFO:Preparing display monitor
2023-02-26 16:16:47,835:INFO:Preparing display monitor
2023-02-26 16:16:47,845:INFO:Importing libraries
2023-02-26 16:16:47,846:INFO:Copying data for preprocessing
2023-02-26 16:16:47,862:INFO:Declaring preprocessing parameters
2023-02-26 16:16:47,863:INFO:Creating preprocessing pipeline
2023-02-26 16:16:47,871:INFO:Preprocessing pipeline created successfully
2023-02-26 16:16:47,871:ERROR:(Process Exit): setup has been interupted with user command 'quit'. setup must rerun.
2023-02-26 16:16:47,872:INFO:Creating global containers
2023-02-26 16:16:47,874:INFO:Internal pipeline: Pipeline(memory=None, steps=[('empty_step', 'passthrough')], verbose=False)
2023-02-26 16:16:49,538:WARNING:Couldn't import xgboost.XGBClassifier
2023-02-26 16:16:49,538:WARNING:Couldn't import catboost.CatBoostClassifier
2023-02-26 16:16:49,604:WARNING:Couldn't import xgboost.XGBClassifier
2023-02-26 16:16:49,605:WARNING:Couldn't import catboost.CatBoostClassifier
2023-02-26 16:16:49,605:INFO:Creating grid variables
2023-02-26 16:16:49,616:INFO:create_model_container: 0
2023-02-26 16:16:49,616:INFO:master_model_container: 0
2023-02-26 16:16:49,616:INFO:display_container: 1
2023-02-26 16:16:49,625:INFO:Pipeline(memory=None,
         steps=[('dtypes',
                 DataTypes_Auto_infer(categorical_features=[],
                                      display_types=True, features_todrop=[],
                                      id_columns=[],
                                      ml_usecase='classification',
                                      numerical_features=[], target='species',
                                      time_features=[])),
                ('imputer',
                 Simple_Imputer(categorical_strategy='not_available',
                                fill_value_categorical=None,
                                fill_value_numerical=None,
                                numeric_stra...
                ('scaling', 'passthrough'), ('P_transform', 'passthrough'),
                ('binn', 'passthrough'), ('rem_outliers', 'passthrough'),
                ('cluster_all', 'passthrough'),
                ('dummy', Dummify(target='species')),
                ('fix_perfect', Remove_100(target='species')),
                ('clean_names', Clean_Colum_Names()),
                ('feature_select', 'passthrough'), ('fix_multi', 'passthrough'),
                ('dfs', 'passthrough'), ('pca', 'passthrough')],
         verbose=False)
2023-02-26 16:16:49,625:INFO:setup() succesfully completed......................................
